<?xml version="1.0" encoding="UTF-8"?>
<!-- Generated by org.testng.reporters.JUnitReportReporter -->
<testsuite hostname="LAPTOP-9M8799I0" failures="0" tests="1" name="interview_test.InterviewTest" time="10.149" errors="0" timestamp="2023-03-13T10:55:13 EDT" skipped="0">
  <testcase classname="interview_test.InterviewTest" name="addAndDeleteElements" time="10.149"/>
  <system-out/>
</testsuite> <!-- interview_test.InterviewTest -->
